2025-01-20 10:46:57 | INFO     | __main__:<module>:15 - Initializing database...
2025-01-20 10:46:57 | INFO     | __main__:get_schedule_times:47 - Using configured schedule times: ['09:00', '21:00']
2025-01-20 10:46:57 | INFO     | __main__:main:59 - Scheduled upgrade check for 09:00
2025-01-20 10:46:57 | INFO     | __main__:main:59 - Scheduled upgrade check for 21:00
2025-01-20 10:46:57 | INFO     | __main__:main:61 - Notification service started...
2025-01-20 10:48:50 | INFO     | __main__:<module>:15 - Initializing database...
2025-01-20 10:48:50 | INFO     | __main__:get_schedule_times:47 - Using configured schedule times: ['09:00', '21:00']
2025-01-20 10:48:50 | INFO     | __main__:main:63 - Scheduled upgrade check every 30 seconds
2025-01-20 10:48:50 | INFO     | __main__:main:65 - Notification service started...
2025-01-20 10:49:00 | INFO     | __main__:main:69 - Checking for upgrades...
2025-01-20 10:49:10 | INFO     | __main__:main:69 - Checking for upgrades...
2025-01-20 10:49:20 | INFO     | __main__:main:69 - Checking for upgrades...
2025-01-20 10:49:20 | INFO     | notify:check_upgrades:55 - Found 2 upgrades due for notification
2025-01-20 10:49:20 | DEBUG    | notify:check_upgrades:57 - Processing upgrade notification for server: test-server-2
2025-01-20 10:49:27 | INFO     | notify:send_upgrade_notification:39 - Notification sent to baraiyawake04@gmail.com
2025-01-20 10:49:27 | DEBUG    | notify:check_upgrades:57 - Processing upgrade notification for server: test-server-3
2025-01-20 10:49:34 | INFO     | notify:send_upgrade_notification:39 - Notification sent to facemefaith@gmail.com
2025-01-20 10:49:44 | INFO     | __main__:main:69 - Checking for upgrades...
2025-01-20 10:49:54 | INFO     | __main__:main:69 - Checking for upgrades...
2025-01-20 10:50:04 | INFO     | __main__:main:69 - Checking for upgrades...
2025-01-20 10:50:04 | INFO     | notify:check_upgrades:55 - Found 2 upgrades due for notification
2025-01-20 10:50:04 | DEBUG    | notify:check_upgrades:57 - Processing upgrade notification for server: test-server-2
2025-01-20 10:50:13 | INFO     | notify:send_upgrade_notification:39 - Notification sent to baraiyawake04@gmail.com
2025-01-20 10:50:13 | DEBUG    | notify:check_upgrades:57 - Processing upgrade notification for server: test-server-3
2025-01-20 10:51:08 | INFO     | notify:send_upgrade_notification:39 - Notification sent to facemefaith@gmail.com
2025-01-20 10:51:18 | INFO     | __main__:main:69 - Checking for upgrades...
2025-01-20 10:51:28 | INFO     | __main__:main:69 - Checking for upgrades...
2025-01-20 10:51:38 | INFO     | __main__:main:69 - Checking for upgrades...
2025-01-20 10:51:38 | INFO     | notify:check_upgrades:55 - Found 2 upgrades due for notification
2025-01-20 10:51:38 | DEBUG    | notify:check_upgrades:57 - Processing upgrade notification for server: test-server-2
2025-01-20 10:51:58 | ERROR    | notify:send_upgrade_notification:41 - Failed to send email to baraiyavwake04@gmail.com: Connection unexpectedly closed
2025-01-20 10:51:58 | DEBUG    | notify:check_upgrades:57 - Processing upgrade notification for server: test-server-3
2025-01-20 10:52:08 | INFO     | notify:send_upgrade_notification:39 - Notification sent to facemefaith@gmail.com
2025-01-20 10:52:18 | INFO     | __main__:main:69 - Checking for upgrades...
2025-01-20 10:52:28 | INFO     | __main__:main:69 - Checking for upgrades...
2025-01-20 10:52:38 | INFO     | __main__:main:69 - Checking for upgrades...
2025-01-20 10:52:38 | INFO     | notify:check_upgrades:55 - Found 2 upgrades due for notification
2025-01-20 10:52:38 | DEBUG    | notify:check_upgrades:57 - Processing upgrade notification for server: test-server-2
2025-01-20 10:52:49 | INFO     | notify:send_upgrade_notification:39 - Notification sent to baraiyavwake04@gmail.com
2025-01-20 10:52:49 | DEBUG    | notify:check_upgrades:57 - Processing upgrade notification for server: test-server-3
2025-01-20 10:53:07 | INFO     | notify:send_upgrade_notification:39 - Notification sent to facemefaith@gmail.com
2025-01-20 10:53:17 | INFO     | __main__:main:69 - Checking for upgrades...
2025-01-20 10:53:27 | INFO     | __main__:main:69 - Checking for upgrades...
2025-01-20 10:53:37 | INFO     | __main__:main:69 - Checking for upgrades...
2025-01-20 10:53:37 | INFO     | notify:check_upgrades:55 - Found 2 upgrades due for notification
2025-01-20 10:53:37 | DEBUG    | notify:check_upgrades:57 - Processing upgrade notification for server: test-server-2
2025-01-20 10:53:44 | INFO     | notify:send_upgrade_notification:39 - Notification sent to baraiyavwake04@gmail.com
2025-01-20 10:53:44 | DEBUG    | notify:check_upgrades:57 - Processing upgrade notification for server: test-server-3
2025-01-20 10:53:51 | INFO     | notify:send_upgrade_notification:39 - Notification sent to facemefaith@gmail.com
2025-01-20 10:54:01 | INFO     | __main__:main:69 - Checking for upgrades...
2025-01-20 10:54:11 | INFO     | __main__:main:69 - Checking for upgrades...
2025-01-20 10:54:21 | INFO     | __main__:main:69 - Checking for upgrades...
2025-01-20 10:54:21 | INFO     | notify:check_upgrades:55 - Found 2 upgrades due for notification
2025-01-20 10:54:21 | DEBUG    | notify:check_upgrades:57 - Processing upgrade notification for server: test-server-2
2025-01-20 10:54:30 | INFO     | notify:send_upgrade_notification:39 - Notification sent to baraiyavwake04@gmail.com
2025-01-20 10:54:30 | DEBUG    | notify:check_upgrades:57 - Processing upgrade notification for server: test-server-3
2025-01-20 10:54:45 | INFO     | notify:send_upgrade_notification:39 - Notification sent to facemefaith@gmail.com
2025-01-20 10:54:55 | INFO     | __main__:main:69 - Checking for upgrades...
2025-01-20 10:55:05 | INFO     | __main__:main:69 - Checking for upgrades...
2025-01-20 10:55:15 | INFO     | __main__:main:69 - Checking for upgrades...
2025-01-20 10:55:16 | INFO     | notify:check_upgrades:55 - Found 2 upgrades due for notification
2025-01-20 10:55:16 | DEBUG    | notify:check_upgrades:57 - Processing upgrade notification for server: test-server-2
2025-01-20 10:55:26 | INFO     | notify:send_upgrade_notification:39 - Notification sent to baraiyavwake04@gmail.com
2025-01-20 10:55:26 | DEBUG    | notify:check_upgrades:57 - Processing upgrade notification for server: test-server-3
2025-01-20 10:55:33 | INFO     | notify:send_upgrade_notification:39 - Notification sent to facemefaith@gmail.com
2025-01-20 10:55:44 | INFO     | __main__:main:69 - Checking for upgrades...
2025-01-20 10:55:54 | INFO     | __main__:main:69 - Checking for upgrades...
2025-01-20 10:56:04 | INFO     | __main__:main:69 - Checking for upgrades...
2025-01-20 10:56:04 | INFO     | notify:check_upgrades:55 - Found 2 upgrades due for notification
2025-01-20 10:56:04 | DEBUG    | notify:check_upgrades:57 - Processing upgrade notification for server: test-server-2
2025-01-20 10:56:23 | INFO     | notify:send_upgrade_notification:39 - Notification sent to baraiyavwake04@gmail.com
2025-01-20 10:56:23 | DEBUG    | notify:check_upgrades:57 - Processing upgrade notification for server: test-server-3
2025-01-20 10:56:30 | INFO     | notify:send_upgrade_notification:39 - Notification sent to facemefaith@gmail.com
2025-01-20 10:56:40 | INFO     | __main__:main:69 - Checking for upgrades...
2025-01-20 10:56:50 | INFO     | __main__:main:69 - Checking for upgrades...
2025-01-20 10:57:00 | INFO     | __main__:main:69 - Checking for upgrades...
2025-01-20 10:57:00 | INFO     | notify:check_upgrades:55 - Found 2 upgrades due for notification
2025-01-20 10:57:00 | DEBUG    | notify:check_upgrades:57 - Processing upgrade notification for server: test-server-2
2025-01-20 10:57:13 | INFO     | notify:send_upgrade_notification:39 - Notification sent to baraiyavwake04@gmail.com
2025-01-20 10:57:13 | DEBUG    | notify:check_upgrades:57 - Processing upgrade notification for server: test-server-3
2025-01-20 10:57:31 | INFO     | notify:send_upgrade_notification:39 - Notification sent to facemefaith@gmail.com
2025-01-20 10:57:41 | INFO     | __main__:main:69 - Checking for upgrades...
2025-01-20 10:57:51 | INFO     | __main__:main:69 - Checking for upgrades...
2025-01-20 10:58:01 | INFO     | __main__:main:69 - Checking for upgrades...
2025-01-20 10:58:01 | INFO     | notify:check_upgrades:55 - Found 2 upgrades due for notification
2025-01-20 10:58:01 | DEBUG    | notify:check_upgrades:57 - Processing upgrade notification for server: test-server-2
2025-01-20 10:58:10 | INFO     | notify:send_upgrade_notification:39 - Notification sent to baraiyavwake04@gmail.com
2025-01-20 10:58:10 | DEBUG    | notify:check_upgrades:57 - Processing upgrade notification for server: test-server-3
2025-01-20 10:58:16 | INFO     | notify:send_upgrade_notification:39 - Notification sent to facemefaith@gmail.com
2025-01-20 10:58:26 | INFO     | __main__:main:69 - Checking for upgrades...
2025-01-20 10:58:36 | INFO     | __main__:main:69 - Checking for upgrades...
2025-01-20 10:58:46 | INFO     | __main__:main:69 - Checking for upgrades...
2025-01-20 10:58:46 | INFO     | notify:check_upgrades:55 - Found 2 upgrades due for notification
2025-01-20 10:58:46 | DEBUG    | notify:check_upgrades:57 - Processing upgrade notification for server: test-server-2
2025-01-20 10:59:00 | INFO     | notify:send_upgrade_notification:39 - Notification sent to baraiyavwake04@gmail.com
2025-01-20 10:59:00 | DEBUG    | notify:check_upgrades:57 - Processing upgrade notification for server: test-server-3
2025-01-20 10:59:06 | INFO     | notify:send_upgrade_notification:39 - Notification sent to facemefaith@gmail.com
2025-01-20 10:59:16 | INFO     | __main__:main:69 - Checking for upgrades...
2025-01-20 10:59:26 | INFO     | __main__:main:69 - Checking for upgrades...
2025-01-20 10:59:36 | INFO     | __main__:main:69 - Checking for upgrades...
2025-01-20 10:59:36 | INFO     | notify:check_upgrades:55 - Found 2 upgrades due for notification
2025-01-20 10:59:36 | DEBUG    | notify:check_upgrades:57 - Processing upgrade notification for server: test-server-2
2025-01-20 10:59:42 | INFO     | notify:send_upgrade_notification:39 - Notification sent to baraiyavwake04@gmail.com
2025-01-20 10:59:42 | DEBUG    | notify:check_upgrades:57 - Processing upgrade notification for server: test-server-3
2025-01-20 10:59:49 | INFO     | notify:send_upgrade_notification:39 - Notification sent to facemefaith@gmail.com
2025-01-20 10:59:59 | INFO     | __main__:main:69 - Checking for upgrades...
2025-01-20 11:00:09 | INFO     | __main__:main:69 - Checking for upgrades...
2025-01-20 11:00:19 | INFO     | __main__:main:69 - Checking for upgrades...
2025-01-20 11:00:19 | INFO     | notify:check_upgrades:55 - Found 2 upgrades due for notification
2025-01-20 11:00:19 | DEBUG    | notify:check_upgrades:57 - Processing upgrade notification for server: test-server-2
2025-01-20 11:00:27 | INFO     | notify:send_upgrade_notification:39 - Notification sent to baraiyavwake04@gmail.com
2025-01-20 11:00:27 | DEBUG    | notify:check_upgrades:57 - Processing upgrade notification for server: test-server-3
2025-01-20 11:01:04 | INFO     | notify:send_upgrade_notification:39 - Notification sent to facemefaith@gmail.com
2025-01-20 11:01:14 | INFO     | __main__:main:69 - Checking for upgrades...
2025-01-20 11:01:24 | INFO     | __main__:main:69 - Checking for upgrades...
2025-01-20 11:01:34 | INFO     | __main__:main:69 - Checking for upgrades...
2025-01-20 11:01:34 | INFO     | notify:check_upgrades:55 - Found 2 upgrades due for notification
2025-01-20 11:01:34 | DEBUG    | notify:check_upgrades:57 - Processing upgrade notification for server: test-server-2
2025-01-20 11:01:43 | INFO     | notify:send_upgrade_notification:39 - Notification sent to baraiyavwake04@gmail.com
2025-01-20 11:01:43 | DEBUG    | notify:check_upgrades:57 - Processing upgrade notification for server: test-server-3
2025-01-20 11:01:52 | INFO     | notify:send_upgrade_notification:39 - Notification sent to facemefaith@gmail.com
2025-01-20 11:02:02 | INFO     | __main__:main:69 - Checking for upgrades...
